The HCMV genome (NC_006273.2) has 169 CDS.

sample	condition	min_tpm	med_tpm	mean_tpm	max_tpm
Donor 1	2dpi	0.0	1873.57	5917.159002366864	76823.1
Donor 1	6dpi	0.0	1976.09	5917.161399408284	177444.0
Donor 3	2dpi	0.0	1904.75	5917.162656804734	222836.0
Donor 3	6dpi	0.0	1087.04	5917.1594715976335	401009.0
"target_id"	"test_stat"	"pval"	"qval"
"protein_id=YP_081530.1"	15.1752408286053	9.79797260360751e-05	0.00843730762727848
"protein_id=YP_081547.1"	15.0244076074701	0.000106129655689037	0.00843730762727848
"protein_id=YP_081552.1"	14.0541168546369	0.000177624572072155	0.00941410231982419
"protein_id=YP_081551.1"	12.4635516350029	0.000414970161156292	0.0164950639059626
"protein_id=YP_081577.1"	11.8643164579106	0.000572197678795649	0.0176780726799117
"protein_id=YP_081489.1"	11.5787517077887	0.000667097082260817	0.0176780726799117
"protein_id=YP_081574.1"	11.0339165603048	0.000894599441836986	0.0187460347338309
"protein_id=YP_081521.1"	10.8639382043463	0.000980549539437685	0.0187460347338309
"protein_id=YP_081576.1"	10.7178022840313	0.00106109630568854	0.0187460347338309
"protein_id=YP_081490.1"	10.1906104969744	0.00141157573658324	0.0224440542116736
"protein_id=YP_081522.1"	9.38737880419871	0.00218484366785939	0.0315809221081493
"protein_id=YP_081561.1"	8.95327307663974	0.00276972887993189	0.0366989076590976
"protein_id=YP_081613.1"	8.63952459899411	0.00328947256354801	0.0402327798157026
"protein_id=YP_081600.1"	8.39498870075197	0.00376256850759047	0.0427320280504918
"protein_id=YP_081520.1"	8.25330978060653	0.0040677764889119	0.0431184307824662
"protein_id=YP_081533.1"	8.03352840629799	0.00459193014118663	0.0456323057780422
"protein_id=YP_081601.1"	7.86881766295848	0.00502945277192959	0.0470401759256944
"protein_id=YP_081595.1"	7.68016602442774	0.00558310312920854	0.0493174109746755
Donor 1 (2dpi) had 2259287 read pairs before Bowtie2 filtering and 1562296 read pairs after.
Donor 1 (6dpi) had 2004530 read pairs before Bowtie2 filtering and 1249472 read pairs after.
Donor 3 (2dpi) had 2730258 read pairs before Bowtie2 filtering and 1922300 read pairs after.
Donor 3 (6dpi) had 2476889 read pairs before Bowtie2 filtering and 1274769 read pairs after.
Donor 1:
sacc	pident	length	qstart	qend	sstart	send	bitscore	evalue	stitle
NC_006273.2	99.199	4368	1	4365	67528	71895	7869	0.0	NC_006273.2 Human herpesvirus 5 strain Merlin, complete genome
NC_003521.1	94.309	123	4240	4362	69334	69456	189	2.24e-47	NC_003521.1 Panine herpesvirus 2 strain Heberling, complete genome
Donor 3:
sacc	pident	length	qstart	qend	sstart	send	bitscore	evalue	stitle
NC_006273.2	98.962	38259	1	38244	51612	89861	68430	0.0	NC_006273.2 Human herpesvirus 5 strain Merlin, complete genome
NC_003521.1	89.722	1401	34425	35822	84006	85403	1784	0.0	NC_003521.1 Panine herpesvirus 2 strain Heberling, complete genome
NC_003521.1	83.323	1571	20155	21717	69334	70893	1432	0.0	NC_003521.1 Panine herpesvirus 2 strain Heberling, complete genome
NC_003521.1	82.224	1367	4848	6194	53809	55127	1116	0.0	NC_003521.1 Panine herpesvirus 2 strain Heberling, complete genome
NC_003521.1	78.263	1739	36467	38190	85700	87426	1092	0.0	NC_003521.1 Panine herpesvirus 2 strain Heberling, complete genome
NC_003521.1	86.584	887	29313	30199	78697	79583	979	0.0	NC_003521.1 Panine herpesvirus 2 strain Heberling, complete genome
NC_003521.1	90.405	740	25613	26349	74890	75628	970	0.0	NC_003521.1 Panine herpesvirus 2 strain Heberling, complete genome
NC_003521.1	81.579	1178	9192	10356	58304	59473	953	0.0	NC_003521.1 Panine herpesvirus 2 strain Heberling, complete genome
NC_003521.1	87.361	807	22414	23212	71620	72423	915	0.0	NC_003521.1 Panine herpesvirus 2 strain Heberling, complete genome
NC_003521.1	84.358	927	30810	31735	80427	81349	904	0.0	NC_003521.1 Panine herpesvirus 2 strain Heberling, complete genome
